{"level":"info","message":"POST /api/auth"}
{"level":"info","message":"POST /"}
{"level":"info","message":"GET /api/users"}
{"level":"info","message":"GET /"}
{"level":"info","message":"GET /api/users"}
{"level":"info","message":"POST /api/users"}
{"level":"info","message":"DELETE /api/users/6696c5e4a70b06b191892554"}
{"level":"info","message":"GET /api/users"}
{"level":"info","message":"POST /api/users"}
{"level":"info","message":"GET /api/users"}
{"level":"info","message":"GET /api/users/6696c6469dd78d19afa63675"}
{"level":"info","message":"GET /api/users"}
{"level":"info","message":"GET /api/users"}
{"level":"info","message":"GET /api/users"}
{"level":"info","message":"GET /api/users"}
{"level":"info","message":"POST /api/users"}
{"level":"info","message":"POST /api/users"}
{"level":"info","message":"POST /api/users"}
{"level":"info","message":"GET /api/users"}
{"level":"info","message":"GET /api/users"}
{"level":"info","message":"GET /api/users"}
{"level":"info","message":"DELETE /api/users"}
{"level":"info","message":"GET /api/users"}
{"level":"info","message":"POST /api/users"}
{"level":"info","message":"POST /api/users"}
{"level":"info","message":"POST /api/users"}
{"level":"info","message":"POST /api/users"}
{"level":"info","message":"POST /api/users"}
{"level":"info","message":"POST /api/users"}
{"level":"info","message":"POST /api/users"}
{"level":"info","message":"POST /api/users"}
{"level":"info","message":"POST /api/users"}
{"level":"info","message":"POST /api/users"}
{"level":"info","message":"POST /api/users"}
{"level":"info","message":"POST /api/users"}
{"level":"info","message":"POST /api/users"}
{"level":"info","message":"GET /api/users"}
{"level":"info","message":"GET /api/users"}
{"level":"info","message":"POST /api/users"}
{"level":"info","message":"DELETE /api/users"}
{"level":"info","message":"GET /api/users"}
{"level":"info","message":"POST /api/users"}
{"level":"info","message":"POST /api/users"}
{"level":"info","message":"POST /api/users"}
{"level":"info","message":"GET /users"}
{"level":"info","message":"GET /users"}
